<?xml version="1.0" encoding="UTF-8"?>
<testsuite name="JUnit Jupiter" tests="0" skipped="0" failures="0" errors="0" time="0.005" hostname="LAPTOP-TOACH4S3" timestamp="2018-04-11T22:14:26">
<properties>
<property name="awt.toolkit" value="sun.awt.windows.WToolkit"/>
<property name="file.encoding" value="windows-1252"/>
<property name="file.encoding.pkg" value="sun.io"/>
<property name="file.separator" value="\"/>
<property name="java.awt.graphicsenv" value="sun.awt.Win32GraphicsEnvironment"/>
<property name="java.awt.printerjob" value="sun.awt.windows.WPrinterJob"/>
<property name="java.class.path" value="C:\Users\Me\Documents\College\ASU\SER\SER 216\Project\SER216-DiamondHunter\build\classes\java\test;C:\Users\Me\Documents\College\ASU\SER\SER 216\Project\SER216-DiamondHunter\build\resources\test;C:\Users\Me\Documents\College\ASU\SER\SER 216\Project\SER216-DiamondHunter\build\classes\java\main;C:\Users\Me\Documents\College\ASU\SER\SER 216\Project\SER216-DiamondHunter\build\resources\main;C:\Users\Me\Documents\College\ASU\SER\SER 216\Project\SER216-DiamondHunter\Libs\jl1.0.1.jar;C:\Users\Me\Documents\College\ASU\SER\SER 216\Project\SER216-DiamondHunter\Libs\mp3spi1.9.5.jar;C:\Users\Me\Documents\College\ASU\SER\SER 216\Project\SER216-DiamondHunter\Libs\tritonus_share.jar;C:\Users\Me\.gradle\caches\modules-2\files-2.1\org.junit.jupiter\junit-jupiter-engine\5.0.3\52fcc461185c48178608f687e962de6484dfb69e\junit-jupiter-engine-5.0.3.jar;C:\Users\Me\.gradle\caches\modules-2\files-2.1\org.junit.jupiter\junit-jupiter-api\5.0.3\43872be66bab0172073ac698062419755e563353\junit-jupiter-api-5.0.3.jar;C:\Users\Me\.gradle\caches\modules-2\files-2.1\org.junit.platform\junit-platform-engine\1.0.3\7028a17adabd876b6d7530e43523a7f4fd109e18\junit-platform-engine-1.0.3.jar;C:\Users\Me\.gradle\caches\modules-2\files-2.1\org.junit.platform\junit-platform-commons\1.0.3\3663f3ddfe47df2a7bf363d5c0196f0c7a09820f\junit-platform-commons-1.0.3.jar;C:\Users\Me\.gradle\caches\modules-2\files-2.1\org.apiguardian\apiguardian-api\1.0.0\3ef5276905e36f4d8055fe3cb0bdcc7503ffc85d\apiguardian-api-1.0.0.jar;C:\Users\Me\.gradle\caches\modules-2\files-2.1\org.opentest4j\opentest4j\1.0.0\6f09c598e9ff64bf0ce2fa7e7de49a99ba83c0b4\opentest4j-1.0.0.jar;C:\Users\Me\.gradle\caches\modules-2\files-2.1\org.junit.platform\junit-platform-console\1.0.3\39e2d8697f3244a16f9fafd58ad871918cb5a722\junit-platform-console-1.0.3.jar;C:\Users\Me\.gradle\caches\modules-2\files-2.1\org.junit.platform\junit-platform-launcher\1.0.3\91d799c70c3a597631883b77117046e09d6a4419\junit-platform-launcher-1.0.3.jar"/>
<property name="java.class.version" value="52.0"/>
<property name="java.endorsed.dirs" value="C:\Program Files\Java\jdk1.8.0_121\jre\lib\endorsed"/>
<property name="java.ext.dirs" value="C:\Program Files\Java\jdk1.8.0_121\jre\lib\ext;C:\WINDOWS\Sun\Java\lib\ext"/>
<property name="java.home" value="C:\Program Files\Java\jdk1.8.0_121\jre"/>
<property name="java.io.tmpdir" value="C:\Users\Me\AppData\Local\Temp\"/>
<property name="java.library.path" value="C:\Program Files\Java\jdk1.8.0_121\bin;C:\WINDOWS\Sun\Java\bin;C:\WINDOWS\system32;C:\WINDOWS;C:\Users\Me\bin;C:\Program Files\Git\mingw64\bin;C:\Program Files\Git\usr\local\bin;C:\Program Files\Git\usr\bin;C:\Program Files\Git\usr\bin;C:\Program Files\Git\mingw64\bin;C:\Program Files\Git\usr\bin;C:\Users\Me\bin;C:\Program Files\Java\jdk1.8.0_121\bin;C:\ProgramData\Oracle\Java\javapath;C:\Windows\system32;C:\Windows;C:\Windows\System32\Wbem;C:\Windows\System32\WindowsPowerShell\v1.0;C:\Program Files (x86)\NVIDIA Corporation\PhysX\Common;C:\Program Files (x86)\Windows Kits\8.1\Windows Performance Toolkit;C:\WINDOWS\system32;C:\WINDOWS;C:\WINDOWS\System32\Wbem;C:\WINDOWS\System32\WindowsPowerShell\v1.0;C:\Program Files (x86)\GtkSharp\2.12\bin;C:\Program Files (x86)\PharosSystems\Core;C:\Program Files\MiKTeX 2.9\miktex\bin\x64;C:\ProgramData\chocolatey\bin;C:\Program Files\apache-maven-3.5.3\bin;C:\Program Files\PostgreSQL\10\bin;C:\Program Files\Java\jdk1.8.0_121;C:\Program Files\Java\jdk1.8.0_112\bin;C:\Users\Me\AppData\Local\Microsoft\WindowsApps;C:\Program Files\Git\usr\bin\vendor_perl;C:\Program Files\Git\usr\bin\core_perl;."/>
<property name="java.runtime.name" value="Java(TM) SE Runtime Environment"/>
<property name="java.runtime.version" value="1.8.0_121-b13"/>
<property name="java.specification.name" value="Java Platform API Specification"/>
<property name="java.specification.vendor" value="Oracle Corporation"/>
<property name="java.specification.version" value="1.8"/>
<property name="java.vendor" value="Oracle Corporation"/>
<property name="java.vendor.url" value="http://java.oracle.com/"/>
<property name="java.vendor.url.bug" value="http://bugreport.sun.com/bugreport/"/>
<property name="java.version" value="1.8.0_121"/>
<property name="java.vm.info" value="mixed mode"/>
<property name="java.vm.name" value="Java HotSpot(TM) 64-Bit Server VM"/>
<property name="java.vm.specification.name" value="Java Virtual Machine Specification"/>
<property name="java.vm.specification.vendor" value="Oracle Corporation"/>
<property name="java.vm.specification.version" value="1.8"/>
<property name="java.vm.vendor" value="Oracle Corporation"/>
<property name="java.vm.version" value="25.121-b13"/>
<property name="line.separator" value="
"/>
<property name="os.arch" value="amd64"/>
<property name="os.name" value="Windows 10"/>
<property name="os.version" value="10.0"/>
<property name="path.separator" value=";"/>
<property name="sun.arch.data.model" value="64"/>
<property name="sun.boot.class.path" value="C:\Program Files\Java\jdk1.8.0_121\jre\lib\resources.jar;C:\Program Files\Java\jdk1.8.0_121\jre\lib\rt.jar;C:\Program Files\Java\jdk1.8.0_121\jre\lib\sunrsasign.jar;C:\Program Files\Java\jdk1.8.0_121\jre\lib\jsse.jar;C:\Program Files\Java\jdk1.8.0_121\jre\lib\jce.jar;C:\Program Files\Java\jdk1.8.0_121\jre\lib\charsets.jar;C:\Program Files\Java\jdk1.8.0_121\jre\lib\jfr.jar;C:\Program Files\Java\jdk1.8.0_121\jre\classes"/>
<property name="sun.boot.library.path" value="C:\Program Files\Java\jdk1.8.0_121\jre\bin"/>
<property name="sun.cpu.endian" value="little"/>
<property name="sun.cpu.isalist" value="amd64"/>
<property name="sun.desktop" value="windows"/>
<property name="sun.io.unicode.encoding" value="UnicodeLittle"/>
<property name="sun.java.command" value="org.junit.platform.console.ConsoleLauncher --details NONE --scan-class-path C:\Users\Me\Documents\College\ASU\SER\SER 216\Project\SER216-DiamondHunter\build\classes\java\main;C:\Users\Me\Documents\College\ASU\SER\SER 216\Project\SER216-DiamondHunter\build\resources\main;C:\Users\Me\Documents\College\ASU\SER\SER 216\Project\SER216-DiamondHunter\build\classes\java\test;C:\Users\Me\Documents\College\ASU\SER\SER 216\Project\SER216-DiamondHunter\build\resources\test -n ^.*Tests?$ --reports-dir C:\Users\Me\Documents\College\ASU\SER\SER 216\Project\SER216-DiamondHunter\build\test-results\junit-platform"/>
<property name="sun.java.launcher" value="SUN_STANDARD"/>
<property name="sun.jnu.encoding" value="Cp1252"/>
<property name="sun.management.compiler" value="HotSpot 64-Bit Tiered Compilers"/>
<property name="sun.os.patch.level" value=""/>
<property name="user.country" value="US"/>
<property name="user.dir" value="C:\Users\Me\Documents\College\ASU\SER\SER 216\Project\SER216-DiamondHunter"/>
<property name="user.home" value="C:\Users\Me"/>
<property name="user.language" value="en"/>
<property name="user.name" value="Me"/>
<property name="user.script" value=""/>
<property name="user.timezone" value="America/Phoenix"/>
<property name="user.variant" value=""/>
</properties>
<system-out><![CDATA[
unique-id: [engine:junit-jupiter]
display-name: JUnit Jupiter
]]></system-out>
</testsuite>
